Arguments: 
  /usr/local/bin/node /usr/local/bin/yarn init

PATH: 
  /usr/local/bin:/usr/bin:/bin:/usr/sbin:/sbin:/usr/local/go/bin

Yarn version: 
  1.9.4

Node version: 
  8.1.3

Platform: 
  darwin x64

Trace: 
  Error: canceled
      at Interface.<anonymous> (/usr/local/lib/node_modules/yarn/lib/cli.js:126002:13)
      at emitNone (events.js:105:13)
      at Interface.emit (events.js:207:7)
      at Interface._ttyWrite (readline.js:768:16)
      at ReadStream.onkeypress (readline.js:157:10)
      at emitTwo (events.js:125:13)
      at ReadStream.emit (events.js:213:7)
      at emitKeys (internal/readline.js:417:14)
      at emitKeys.next (<anonymous>)
      at ReadStream.onData (readline.js:1005:36)

npm manifest: 
  No manifest

yarn manifest: 
  No manifest

Lockfile: 
  No lockfile
